<?xml version="1.0" encoding="UTF-8"?>
<!-- Generated by org.testng.reporters.JUnitXMLReporter -->
<testsuite ignored="2" hostname="DESKTOP-NLPPFJ1" failures="0" tests="1" name="Default test" time="11.973" errors="0" timestamp="2022-12-18T23:22:23 IST">
  <testcase classname="practice.Practice18_12" name="tc3" time="4.643"/>
  <testcase classname="practice.Practice18_12" name="tc1" time="0.0">
    <ignored/>
  </testcase> <!-- tc1 -->
  <testcase classname="practice.Practice18_12" name="tc2" time="0.0">
    <ignored/>
  </testcase> <!-- tc2 -->
</testsuite> <!-- Default test -->
