<?xml version="1.0" encoding="UTF-8"?>
<!-- Generated by org.testng.reporters.JUnitXMLReporter -->
<testsuite ignored="4" hostname="DESKTOP-NLPPFJ1" failures="0" tests="1" name="Default test" time="12.652" errors="0" timestamp="2022-12-06T20:24:50 IST">
  <testcase classname="practice.practice6_12" name="tc5" time="3.696"/>
  <testcase classname="practice.practice6_12" name="tc4" time="0.0">
    <ignored/>
  </testcase> <!-- tc4 -->
  <testcase classname="practice.practice6_12" name="tc3" time="0.0">
    <ignored/>
  </testcase> <!-- tc3 -->
  <testcase classname="practice.practice6_12" name="tc2" time="0.0">
    <ignored/>
  </testcase> <!-- tc2 -->
  <testcase classname="practice.practice6_12" name="tc1" time="0.0">
    <ignored/>
  </testcase> <!-- tc1 -->
</testsuite> <!-- Default test -->
