<?xml version="1.0" encoding="UTF-8"?>
<testng-results ignored="3" total="4" passed="1" failed="0" skipped="0">
  <reporter-output>
  </reporter-output>
  <suite started-at="2022-12-06T20:16:27 IST" name="Default suite" finished-at="2022-12-06T20:16:38 IST" duration-ms="11010">
    <groups>
    </groups>
    <test started-at="2022-12-06T20:16:27 IST" name="Default test" finished-at="2022-12-06T20:16:38 IST" duration-ms="11010">
      <class name="practice.practice6_12">
        <test-method is-config="true" signature="seyUp()[pri:0, instance:practice.practice6_12@2d710f1a]" started-at="2022-12-06T20:16:27 IST" name="seyUp" finished-at="2022-12-06T20:16:33 IST" duration-ms="6192" status="PASS">
          <reporter-output>
          </reporter-output>
        </test-method> <!-- seyUp -->
        <test-method signature="tc4()[pri:0, instance:practice.practice6_12@2d710f1a]" started-at="2022-12-06T20:16:33 IST" name="tc4" finished-at="2022-12-06T20:16:38 IST" duration-ms="4473" status="PASS">
          <reporter-output>
          </reporter-output>
        </test-method> <!-- tc4 -->
        <test-method is-config="true" signature="tearDown()[pri:0, instance:practice.practice6_12@2d710f1a]" started-at="2022-12-06T20:16:38 IST" name="tearDown" finished-at="2022-12-06T20:16:38 IST" duration-ms="297" status="PASS">
          <reporter-output>
          </reporter-output>
        </test-method> <!-- tearDown -->
      </class> <!-- practice.practice6_12 -->
    </test> <!-- Default test -->
  </suite> <!-- Default suite -->
</testng-results>
