<?xml version="1.0" encoding="UTF-8"?>
<testng-results ignored="0" total="1" passed="1" failed="0" skipped="0">
  <reporter-output>
  </reporter-output>
  <suite started-at="2022-12-18T21:56:44 IST" name="Default suite" finished-at="2022-12-18T21:57:03 IST" duration-ms="18650">
    <groups>
    </groups>
    <test started-at="2022-12-18T21:56:44 IST" name="Default test" finished-at="2022-12-18T21:57:03 IST" duration-ms="18650">
      <class name="practice.Practice18_12">
        <test-method is-config="true" signature="setUp()[pri:0, instance:practice.Practice18_12@4c1909a3]" started-at="2022-12-18T21:56:44 IST" name="setUp" finished-at="2022-12-18T21:56:50 IST" duration-ms="5906" status="PASS">
          <reporter-output>
          </reporter-output>
        </test-method> <!-- setUp -->
        <test-method signature="tc1()[pri:0, instance:practice.Practice18_12@4c1909a3]" started-at="2022-12-18T21:56:50 IST" name="tc1" finished-at="2022-12-18T21:57:03 IST" duration-ms="12472" status="PASS">
          <reporter-output>
          </reporter-output>
        </test-method> <!-- tc1 -->
        <test-method is-config="true" signature="tearDown()[pri:0, instance:practice.Practice18_12@4c1909a3]" started-at="2022-12-18T21:57:03 IST" name="tearDown" finished-at="2022-12-18T21:57:03 IST" duration-ms="226" status="PASS">
          <reporter-output>
          </reporter-output>
        </test-method> <!-- tearDown -->
      </class> <!-- practice.Practice18_12 -->
    </test> <!-- Default test -->
  </suite> <!-- Default suite -->
</testng-results>
